<?xml version="1.0" encoding="UTF-8"?>
<testng-results skipped="0" failed="0" ignored="0" total="1" passed="1">
  <reporter-output>
  </reporter-output>
  <suite name="Default suite" duration-ms="18881" started-at="2019-09-29T15:47:24Z" finished-at="2019-09-29T15:47:43Z">
    <groups>
    </groups>
    <test name="Default test" duration-ms="18881" started-at="2019-09-29T15:47:24Z" finished-at="2019-09-29T15:47:43Z">
      <class name="com.crm.qa.testcases.LoginPageTest">
        <test-method status="PASS" signature="SetUp()[pri:0, instance:com.crm.qa.testcases.LoginPageTest@4678c730]" name="SetUp" is-config="true" duration-ms="8611" started-at="2019-09-29T21:17:24Z" finished-at="2019-09-29T21:17:33Z">
          <reporter-output>
          </reporter-output>
        </test-method> <!-- SetUp -->
        <test-method status="PASS" signature="loginTest()[pri:3, instance:com.crm.qa.testcases.LoginPageTest@4678c730]" name="loginTest" duration-ms="9408" started-at="2019-09-29T21:17:33Z" finished-at="2019-09-29T21:17:42Z">
          <reporter-output>
          </reporter-output>
        </test-method> <!-- loginTest -->
        <test-method status="PASS" signature="tearDown()[pri:0, instance:com.crm.qa.testcases.LoginPageTest@4678c730]" name="tearDown" is-config="true" duration-ms="827" started-at="2019-09-29T21:17:42Z" finished-at="2019-09-29T21:17:43Z">
          <reporter-output>
          </reporter-output>
        </test-method> <!-- tearDown -->
      </class> <!-- com.crm.qa.testcases.LoginPageTest -->
    </test> <!-- Default test -->
  </suite> <!-- Default suite -->
</testng-results>
